<?xml version="1.0" encoding="UTF-8"?>
<testsuite xmlns:xsi="http://www.w3.org/2001/XMLSchema-instance" xsi:noNamespaceSchemaLocation="https://maven.apache.org/surefire/maven-surefire-plugin/xsd/surefire-test-report.xsd" name="com.rmit.sept.bk_bookmicroservices.web.BookControllerTest" time="2.539" tests="5" errors="0" skipped="0" failures="0">
  <properties/>
  <testcase name="listAllEndpointSuccessfullyResponds" classname="com.rmit.sept.bk_bookmicroservices.web.BookControllerTest" time="0.477"/>
  <testcase name="createEndpointSuccessfullyResponds" classname="com.rmit.sept.bk_bookmicroservices.web.BookControllerTest" time="0.077"/>
  <testcase name="getOneEndpointSuccessfullyResponds" classname="com.rmit.sept.bk_bookmicroservices.web.BookControllerTest" time="0.041"/>
  <testcase name="createEndpointRespondsWithErrorOnInvalidData" classname="com.rmit.sept.bk_bookmicroservices.web.BookControllerTest" time="0.03"/>
  <testcase name="getOneEndpointRespondsWithErrorOnUnknownId" classname="com.rmit.sept.bk_bookmicroservices.web.BookControllerTest" time="0.021"/>
</testsuite>