<?xml version="1.0" encoding="UTF-8"?>
<testsuite xmlns:xsi="http://www.w3.org/2001/XMLSchema-instance" xsi:noNamespaceSchemaLocation="https://maven.apache.org/surefire/maven-surefire-plugin/xsd/surefire-test-report.xsd" name="com.rmit.sept.bk_loginservices.unit_tests.RegisterTest" time="2.085" tests="6" errors="0" skipped="0" failures="0">
  <properties/>
  <testcase name="invalidEmail" classname="com.rmit.sept.bk_loginservices.unit_tests.RegisterTest" time="0.107"/>
  <testcase name="fullNameEmpty" classname="com.rmit.sept.bk_loginservices.unit_tests.RegisterTest" time="0.079"/>
  <testcase name="successfulRegister" classname="com.rmit.sept.bk_loginservices.unit_tests.RegisterTest" time="0.08"/>
  <testcase name="passwordLessThanSixCharacters" classname="com.rmit.sept.bk_loginservices.unit_tests.RegisterTest" time="0.004"/>
  <testcase name="passwordsDoNotMatch" classname="com.rmit.sept.bk_loginservices.unit_tests.RegisterTest" time="0.003"/>
  <testcase name="usernameMustBeUnique" classname="com.rmit.sept.bk_loginservices.unit_tests.RegisterTest" time="0.004"/>
</testsuite>