<?xml version="1.0" encoding="UTF-8"?>
<testsuites name="jest tests" tests="24" failures="0" errors="0" time="7.942">
  <testsuite name="Home" errors="0" failures="0" skipped="0" timestamp="2021-09-17T19:24:16" time="5.282" tests="6">
    <testcase classname="Home Buttons should render &quot;Register as a Customer&quot; button" name="Home Buttons should render &quot;Register as a Customer&quot; button" time="0.223">
    </testcase>
    <testcase classname="Home Buttons should render &quot;Register as a business&quot; button" name="Home Buttons should render &quot;Register as a business&quot; button" time="0.094">
    </testcase>
    <testcase classname="Home Buttons Button &quot;Register as a Customer&quot; should redirect to /register" name="Home Buttons Button &quot;Register as a Customer&quot; should redirect to /register" time="0.56">
    </testcase>
    <testcase classname="Home Buttons Button &quot;Register as a business&quot; should redirect to /register" name="Home Buttons Button &quot;Register as a business&quot; should redirect to /register" time="0.47">
    </testcase>
    <testcase classname="Home Text should have rendered &quot;Find your favourite books&quot;" name="Home Text should have rendered &quot;Find your favourite books&quot;" time="0.022">
    </testcase>
    <testcase classname="Home Text should have rendered &quot;Grow your business&quot;" name="Home Text should have rendered &quot;Grow your business&quot;" time="0.013">
    </testcase>
  </testsuite>
  <testsuite name="undefined" errors="0" failures="0" skipped="0" timestamp="2021-09-17T19:24:16" time="5.355" tests="6">
    <testcase classname=" Scenario 0: I want to access the login form" name=" Scenario 0: I want to access the login form" time="0.338">
    </testcase>
    <testcase classname=" Scenario 1: I want to log in as a public user with my credentials" name=" Scenario 1: I want to log in as a public user with my credentials" time="0.261">
    </testcase>
    <testcase classname=" Scenario 2: I want to log in as a business owner with my credentials" name=" Scenario 2: I want to log in as a business owner with my credentials" time="0.207">
    </testcase>
    <testcase classname=" Scenario 3: I want to log in as an admin with my credentials" name=" Scenario 3: I want to log in as an admin with my credentials" time="0.271">
    </testcase>
    <testcase classname=" Scenario 4: I want to log in as a public user with invalid credentials" name=" Scenario 4: I want to log in as a public user with invalid credentials" time="0.219">
    </testcase>
    <testcase classname=" Scenario 5: I want to log in as a public user with a malformed request" name=" Scenario 5: I want to log in as a public user with a malformed request" time="0.084">
    </testcase>
  </testsuite>
  <testsuite name="Header" errors="0" failures="0" skipped="0" timestamp="2021-09-17T19:24:16" time="6.401" tests="4">
    <testcase classname="Header Nav-Links Navlink to Home redirects to home page" name="Header Nav-Links Navlink to Home redirects to home page" time="1.005">
    </testcase>
    <testcase classname="Header Nav-Links click on Bookeroo redirects to home page" name="Header Nav-Links click on Bookeroo redirects to home page" time="0.778">
    </testcase>
    <testcase classname="Header Nav-Links Navlink to Register redirects to register page" name="Header Nav-Links Navlink to Register redirects to register page" time="0.424">
    </testcase>
    <testcase classname="Header Nav-Links Navlink to Contact redirects to contact us page" name="Header Nav-Links Navlink to Contact redirects to contact us page" time="0.413">
    </testcase>
  </testsuite>
  <testsuite name="undefined" errors="0" failures="0" skipped="0" timestamp="2021-09-17T19:24:21" time="1.215" tests="1">
    <testcase classname=" renders Home Page" name=" renders Home Page" time="0.157">
    </testcase>
  </testsuite>
  <testsuite name="undefined" errors="0" failures="0" skipped="0" timestamp="2021-09-17T19:24:21" time="1.666" tests="3">
    <testcase classname=" SEP-10: I want to see the book’s cover art" name=" SEP-10: I want to see the book’s cover art" time="0.333">
    </testcase>
    <testcase classname=" SEP-10: I want to see a book&apos;s table of contents" name=" SEP-10: I want to see a book&apos;s table of contents" time="0.167">
    </testcase>
    <testcase classname=" SEP-10: I want to see a 404 page if a book does not exist" name=" SEP-10: I want to see a 404 page if a book does not exist" time="0.02">
    </testcase>
  </testsuite>
  <testsuite name="undefined" errors="0" failures="0" skipped="0" timestamp="2021-09-17T19:24:22" time="0.924" tests="4">
    <testcase classname=" sep-15: new user wants to register as a public user" name=" sep-15: new user wants to register as a public user" time="0.303">
    </testcase>
    <testcase classname=" sep-15: user enters the username that already exists in the database" name=" sep-15: user enters the username that already exists in the database" time="0.125">
    </testcase>
    <testcase classname=" sep-15: password is less than 6 characters" name=" sep-15: password is less than 6 characters" time="0.111">
    </testcase>
    <testcase classname=" sep-15: User submits an empty form" name=" sep-15: User submits an empty form" time="0.063">
    </testcase>
  </testsuite>
</testsuites>